  Util.cpp
c1xx : fatal error C1083: Cannot open source file: 'Util.cpp': No such file or directory
  Person.cpp
c:\users\margarida silva\documents\github\aeda\project\person.cpp(32): error C3861: 'time': identifier not found
  Contestant.cpp
c:\users\margarida silva\documents\github\aeda\project\contestant.cpp(28): error C2065: 'fileDriver': undeclared identifier
c:\users\margarida silva\documents\github\aeda\project\contestant.cpp(29): error C2065: 'fileDriver': undeclared identifier
c:\users\margarida silva\documents\github\aeda\project\contestant.cpp(29): error C3861: 'testReadingFail': identifier not found
c:\users\margarida silva\documents\github\aeda\project\contestant.cpp(30): error C3861: 'eliminateSpaces': identifier not found
c:\users\margarida silva\documents\github\aeda\project\contestant.cpp(33): error C2065: 'fileDriver': undeclared identifier
c:\users\margarida silva\documents\github\aeda\project\contestant.cpp(33): error C2065: 'maxHours': undeclared identifier
c:\users\margarida silva\documents\github\aeda\project\contestant.cpp(34): error C2065: 'fileDriver': undeclared identifier
c:\users\margarida silva\documents\github\aeda\project\contestant.cpp(34): error C3861: 'testReadingFail': identifier not found
c:\users\margarida silva\documents\github\aeda\project\contestant.cpp(35): error C2065: 'fileDriver': undeclared identifier
c:\users\margarida silva\documents\github\aeda\project\contestant.cpp(35): error C2228: left of '.ignore' must have class/struct/union
  c:\users\margarida silva\documents\github\aeda\project\contestant.cpp(35): note: type is 'unknown-type'
c:\users\margarida silva\documents\github\aeda\project\contestant.cpp(36): error C2039: 'maxHours': is not a member of 'Contestant'
  c:\users\margarida silva\documents\github\aeda\project\contestant.h(20): note: see declaration of 'Contestant'
c:\users\margarida silva\documents\github\aeda\project\contestant.cpp(36): error C2065: 'maxHours': undeclared identifier
c:\users\margarida silva\documents\github\aeda\project\contestant.cpp(36): error C3861: 'Time': identifier not found
c:\users\margarida silva\documents\github\aeda\project\contestant.cpp(39): error C2065: 'fileDriver': undeclared identifier
c:\users\margarida silva\documents\github\aeda\project\contestant.cpp(39): error C2065: 'maxWeekWorkingTime': undeclared identifier
c:\users\margarida silva\documents\github\aeda\project\contestant.cpp(40): error C2065: 'fileDriver': undeclared identifier
c:\users\margarida silva\documents\github\aeda\project\contestant.cpp(40): error C3861: 'testReadingFail': identifier not found
c:\users\margarida silva\documents\github\aeda\project\contestant.cpp(41): error C2065: 'fileDriver': undeclared identifier
c:\users\margarida silva\documents\github\aeda\project\contestant.cpp(41): error C2228: left of '.ignore' must have class/struct/union
  c:\users\margarida silva\documents\github\aeda\project\contestant.cpp(41): note: type is 'unknown-type'
c:\users\margarida silva\documents\github\aeda\project\contestant.cpp(42): error C2039: 'maxWeekWorkingTime': is not a member of 'Contestant'
  c:\users\margarida silva\documents\github\aeda\project\contestant.h(20): note: see declaration of 'Contestant'
c:\users\margarida silva\documents\github\aeda\project\contestant.cpp(42): error C2065: 'maxWeekWorkingTime': undeclared identifier
c:\users\margarida silva\documents\github\aeda\project\contestant.cpp(42): error C3861: 'Time': identifier not found
c:\users\margarida silva\documents\github\aeda\project\contestant.cpp(45): error C2065: 'fileDriver': undeclared identifier
c:\users\margarida silva\documents\github\aeda\project\contestant.cpp(45): error C2065: 'minRestTime': undeclared identifier
c:\users\margarida silva\documents\github\aeda\project\contestant.cpp(46): error C2065: 'fileDriver': undeclared identifier
c:\users\margarida silva\documents\github\aeda\project\contestant.cpp(46): error C3861: 'testReadingFail': identifier not found
c:\users\margarida silva\documents\github\aeda\project\contestant.cpp(47): error C2039: 'minRestTime': is not a member of 'Contestant'
  c:\users\margarida silva\documents\github\aeda\project\contestant.h(20): note: see declaration of 'Contestant'
c:\users\margarida silva\documents\github\aeda\project\contestant.cpp(47): error C2065: 'minRestTime': undeclared identifier
c:\users\margarida silva\documents\github\aeda\project\contestant.cpp(47): error C3861: 'Time': identifier not found
c:\users\margarida silva\documents\github\aeda\project\contestant.cpp(50): error C2065: 'shifts': undeclared identifier
c:\users\margarida silva\documents\github\aeda\project\contestant.cpp(53): error C2065: 'weekWorkingTime': undeclared identifier
c:\users\margarida silva\documents\github\aeda\project\contestant.cpp(53): error C2065: 'maxWeekWorkingTime': undeclared identifier
c:\users\margarida silva\documents\github\aeda\project\contestant.cpp(53): error C3861: 'Time': identifier not found
c:\users\margarida silva\documents\github\aeda\project\contestant.cpp(59): error C2614: 'Contestant': illegal member initialization: 'participation' is not a base or member
  Company.cpp
  Generating Code...
c:\users\margarida silva\documents\github\aeda\project\company.cpp(16): error C4716: 'Company::readContestantsFile': must return a value
  Compiling...
  Audition.cpp
  Generating Code...
  Compiling...
  SecondFase.cpp
  Judge.cpp
  FirstFase.cpp
  Generating Code...
